24J8Q
24K3A
25QA7
26T97
2738J
27648
28A4Q
28A6T
2965T
2T375
2K637
326A7
32845
32TK7
34K8A
3587J
3742T
374QK
37T2J
38J65
39QJ6
3T4QJ
3T792
3KJ96
3A57K
47QJA
47AK6
47AK9
4827T
48632
48JTK
49632
49KQ7
4TJQA
4J8Q5
4QA89
4K6QT
52K68
59473
594J8
59826
5T684
5T86J
5T8K2
5T9J2
5Q98A
5QK98
5K39A
5K76J
5A9K6
5AQK8
62359
6235A
627Q8
629J4
62K97
62A5K
63TA5
63Q4J
64379
65TA8
65A78
67A5T
68T47
6T359
6QJ2A
6A542
6AJ2T
6AKT5
72A59
74Q6A
768K3
76A8J
7T298
7K485
7A652
7A69T
827A5
83T62
842K3
8632K
867A3
86K42
875J9
87923
87Q42
8932K
8T6Q7
924KA
92J48
92JKT
93524
93J7A
93K5J
96KT2
9734J
97Q5A
9854K
98QJ3
98KA2
9Q524
9Q65K
9K75A
9KQ43
9A34Q
9AKQT
T293Q
T439K
T4J65
T5628
T579A
T58KA
T59AQ
T6253
T63AJ
T6587
T785K
T79Q8
T843K
T847J
T8J3A
T8A36
T923K
T9736
TJK46
TJK68
TQJK6
TQK85
TKAQ5
TA549
TA7K4
J253K
J5Q4K
J5Q94
J6793
J745Q
J8AQ4
J986K
J9Q7K
JQ39K
JQ537
JQ687
JQ798
JA738
JAQ86
Q359T
Q365T
Q4265
Q47K8
Q5T46
Q62J9
Q6849
Q78KJ
Q82TJ
Q9TA6
QT398
QT89A
QT967
QJ578
QK849
QA4K9
K274T
K2QA9
K35J6
K3TQ4
K4982
K4T28
K6Q49
K86A4
K92AJ
K93JA
K9J46
KJ75Q
KQJ69
KA74Q
A25T4
A26Q7
A2J74
A3K86
A4T9Q
A5238
A59T6
A6972
A72KQ
A786Q
A7TQ9
A9637
AT296
AJ546
AQ3K9
22945
22T7K
22Q5J
22Q74
238J2
2554Q
26852
26QJQ
26AAK
27K2J
283J8
299K6
29T9Q
2T22T
2TT39
2TJ52
2JQ2T
2JQK2
2QK28
2K372
2A2K8
2A3K2
32223
328Q2
333JJ
33434
33592
3367A
33J76
33QKJ
33KA8
35J99
35Q95
36238
37369
376J7
37Q87
38338
383K9
384Q3
39393
3998Q
39K3J
3J7A7
3J8T8
3Q99J
3K767
3A362
3A6K6
42242
42577
42T34
44A4A
45K2K
47673
48K28
4T5J4
4TTKJ
4TJQJ
4TAQQ
4J22Q
4J266
4J677
4JJ44
4Q55A
4Q9Q5
4QJ43
4QQ53
4KK44
4AAK5
52252
52T29
53T65
53A99
553A8
555TT
55KTA
55A5A
56JAA
57297
5754J
57575
57J79
58356
5878K
59595
595J4
597JJ
5998J
5J523
5J55J
5JJK7
5K323
5KQJK
5A635
5AJK5
626A7
64464
6486K
64T7T
65J54
662AJ
66868
66AA6
67667
68445
68TJ8
68QA8
6J755
6Q66Q
6KJK2
7262J
73337
7343T
7375J
73K3T
74234
747A9
756K6
75845
75J4J
75J8J
7972T
7TTQ5
7J275
7J7A5
7JJ49
7K7K7
7KQQ4
7A987
8443Q
84649
84J34
85558
88222
88444
887JA
88T56
88J75
8922K
894J9
89A38
8T85A
8TJJ7
8J26J
8J88J
8Q33J
8KQ28
8KA82
8A3J3
8A633
8AAT7
92292
92TJ2
947A9
95JA5
96294
96K9J
9729J
97779
977TJ
979JT
97Q7A
98334
98T87
992J3
9946K
99JJ9
99JK3
9T589
9Q484
9K3Q3
9K829
9KK99
9A36A
9AJA4
T2726
T2AQ2
T333T
T36J3
T3J93
T3JT9
T3AA9
T44T4
T4665
T48QT
T5Q88
T6256
T65QQ
T6685
T676J
T68J6
T6KTQ
T76T8
T777T
T7T96
T7Q7J
T7AJ7
T84KT
T888T
T89J9
T8K58
T9926
T9T99
TT49A
TTJ8Q
TTKTK
TQ24Q
TQ6AT
TQ8JQ
TQQ4J
TAATT
TAAQ2
J22J2
J2K77
J47JT
J5859
J5KJ8
J63J8
J6A6Q
J77K3
J89TJ
J8A44
J8A66
J8AQA
J8AKA
J9694
J9976
J9J8K
JT8T5
JTJTT
JTK4J
JTKK9
JJ666
JJ777
JQ3Q9
JQ85Q
JQJJQ
JKJKJ
JA22Q
JA454
JA6KA
Q2TAQ
Q34QT
Q38Q9
Q3QJ6
Q4743
Q5QJ4
Q5QK2
Q8TT5
Q8J4Q
Q9928
Q99Q9
Q9JJ8
Q9AA6
QT464
QTQTT
QQ222
QQKJ6
QK663
QK9JQ
QAT5A
QAK7K
K2799
K3TJ3
K4T5T
K57T7
K6286
K7J57
K883J
KTJK3
KJJ63
KQ688
KQQ83
KK397
KK3QJ
KK852
KK95J
KA4A6
A2353
A336J
A3QJ3
A3A5Q
A3AK8
A44T6
A478A
A7838
A888A
A8T55
A8T6T
A9924
A999A
A9Q49
AT28A
ATJ4T
AK3K4
AA4JQ
AAJJJ
AAKKK
22343
223J3
22K88
23773
24274
266TT
2T828
2J299
2JQ2Q
2KK99
2AA2Q
338TT
33QJQ
33KJJ
34394
34422
34A34
35344
353J5
36634
37J73
37K3K
399QQ
3KJK3
42288
42924
43634
442J2
44525
447A7
4499J
44Q3Q
45242
45564
46J4J
48664
49489
4T94T
4TA4T
4J4JQ
4J4AA
4JJ43
4Q99Q
4A422
52562
53566
55343
55KKJ
55AAQ
5885T
59779
5TTJ5
5J25J
5QAQA
644K6
64T4T
64J46
66272
662QQ
66545
66T4T
66J55
66AA8
6TTJ6
6JJ64
6K6KJ
6A565
74479
747KK
75725
76633
77262
77288
774K4
77533
77929
77KJK
79A9A
7TK7K
7JA7A
7AA22
82Q82
8338K
83J38
85989
86556
86585
87KK7
89829
8998A
8J8AA
8JJ87
8K38K
9229K
92339
92559
92QQ9
93QQ3
94664
966J9
97947
979TT
97K9K
9944K
99JAA
99A66
9TTQ9
9Q393
9Q9JQ
9A9QA
9AA49
T22JT
T433T
T4JT4
T6T69
T72T7
T77TA
T8833
T8T8A
T9922
TT252
TT388
TT3A3
TTKKJ
TJ9T9
TATKA
J22QJ
J22KK
J3TT3
J6JAA
J877J
J88KK
J8TT8
J8Q8J
J92J2
J9393
J9779
J9J44
JJ559
JJKTK
JQJQ2
JA4JA
Q2266
Q6Q6T
Q6Q77
Q8844
Q8J8Q
Q8Q33
QTJTQ
QQ282
QQKJJ
QKKQJ
QAAQT
K33AK
K3K44
K3K77
K4K46
K5335
K5AA5
K8844
K8866
K99KT
K99AA
K9K33
KQK44
KK233
KK667
KKAJA
KAKA6
A2727
A2J2A
A399A
A55JA
A665A
A696A
A77AQ
A7A87
AA788
AAJQQ
22526
229K2
22J92
24Q22
25J55
28227
2T272
2Q555
2QQJQ
2AAAJ
32555
32J22
33J34
33JK3
34449
344A4
36Q66
38777
39699
3T433
3J339
3Q335
3Q7QQ
43337
43533
4447T
4484Q
4494J
44Q74
44QK4
46443
47464
48999
48J88
4T944
4TAAA
4K5KK
4A4J4
4AAAJ
52822
53999
54JJJ
55245
55357
55453
5556J
55JA5
55KJ5
57333
57565
5999A
5J535
5Q5K5
5QQKQ
5K355
5A585
62224
66564
666TK
666JA
6676T
66967
66T6A
67977
68566
68662
688T8
6J626
6K66Q
6A444
72444
72767
737J7
74773
74778
755A5
75776
7737A
7747A
77573
7774J
777J8
79333
7J727
7K737
7AQQQ
7AAA4
83222
83323
83393
83T33
85535
85557
85886
87858
88843
888JA
88986
88J58
88J8T
88Q8J
8TQQQ
8J887
8J898
8K882
92333
939Q9
95557
997K9
99968
9QT99
9K7KK
9K9Q9
T2226
T2TT7
T4666
T6636
T7T8T
T7TAT
T8T3T
T9777
TT5T2
TT7QT
TTT53
TTJQT
TTQ5T
TTKJT
J222Q
J2822
J3337
J3J9J
J4448
J4544
J4TTT
J6466
J8868
J8883
J9299
J9993
JAAA8
Q35QQ
Q4443
Q6AAA
Q7J77
Q7JQQ
Q9KKK
QTTT6
QJ666
QJQ9Q
QJAAA
QQ9KQ
QQQ79
QQQ8A
QQQ9T
QQQT6
QK777
QKQ8Q
K2252
K3KK5
K4446
K5KK7
K8T88
KT999
KJ3KK
KJ777
KJJ6J
KJQQQ
KJK9K
KQQ3Q
KK4KT
KK59K
KK83K
KKK76
KKKTQ
KKKJ4
KKKJ7
KAKK8
KAKK9
A2A5A
A3AJA
A5955
A5QAA
A666Q
A9799
ATTT6
ATKKK
AJTTT
AKJAA
AKA5A
AA5JA
AA5A7
AA65A
AA6A3
AA6AJ
AAA59
AAAQ8
23332
25255
26266
29992
2QQQ2
37773
53535
55445
63636
65566
77474
85885
86688
88228
89899
99339
99966
9AAA9
T99TT
TT77T
TTT66
TJTJJ
TQTQQ
TAATA
JJJ22
JKJKK
JAJAA
Q8Q8Q
QJJQQ
QQ99Q
K6KK6
K88KK
KK33K
KKK55
A44AA
A55AA
A8A8A
AAA22
22262
22522
22922
22J22
23222
2TTTT
32333
3333J
33343
33A33
38333
39333
39999
3Q333
3K333
44244
44443
44446
44454
444Q4
44T44
44J44
53333
55585
555Q5
55655
55K55
5T555
62666
63333
63666
66664
666J6
66T66
68666
69666
6K666
72222
73777
74444
75777
76666
76777
77727
7777K
777J7
78777
78888
7TTTT
7A777
88588
88868
88889
8J888
8JJJJ
8KKKK
95999
99899
99929
99979
99994
99996
99T99
99J99
99K99
T2222
TT6TT
TTT3T
TTT4T
TTT5T
TTTT9
TJTTT
TKKKK
J5555
JKKKK
Q8QQQ
QTTTT
QQ6QQ
QQJQQ
QQQTQ
QQQQ3
QQQQ5
QQQQA
KK6KK
KKK5K
KKK7K
KKK9K
KKKK4
KAAAA
A4444
A4AAA
A5555
A8AAA
ATTTT
AA2AA
AAJAA
AAA7A
JJJJJ
PART1: 251507417
