- 1 2
7 1 3
| 2 3
| 3 3
| 4 3
L 5 3
J 5 4
| 4 4
| 3 4
| 2 4
F 1 4
7 1 5
| 2 5
| 3 5
| 4 5
L 5 5
- 5 6
- 5 7
- 5 8
J 5 9
| 4 9
| 3 9
| 2 9
| 1 9
7 0 9
- 0 8
- 0 7
- 0 6
- 0 5
- 0 4
- 0 3
- 0 2
F 0 1
S 1 1
0 0
toggled in True 0 0
True (0, 0) 1
0 1
xd
toggled in False 0 1
0 2
xd
toggled in True 0 2
True (0, 2) 2
0 3
xd
toggled in False 0 3
0 4
xd
toggled in True 0 4
True (0, 4) 3
0 5
xd
toggled in False 0 5
0 6
xd
toggled in True 0 6
True (0, 6) 4
0 7
xd
toggled in False 0 7
0 8
xd
toggled in True 0 8
True (0, 8) 5
0 9
xd
toggled in False 0 9
1 0
toggled in True 1 0
True (1, 0) 6
1 1
xd
toggled in False 1 1
1 2
xd
toggled in True 1 2
True (1, 2) 7
1 3
xd
toggled in False 1 3
1 4
xd
toggled in True 1 4
True (1, 4) 8
1 5
xd
toggled in False 1 5
1 6
toggled in True 1 6
True (1, 6) 9
1 7
toggled in False 1 7
1 8
toggled in True 1 8
True (1, 8) 10
1 9
xd
toggled in False 1 9
2 0
toggled in True 2 0
True (2, 0) 11
2 1
toggled in False 2 1
2 2
toggled in True 2 2
True (2, 2) 12
2 3
xd
toggled in False 2 3
2 4
xd
toggled in True 2 4
True (2, 4) 13
2 5
xd
toggled in False 2 5
2 6
toggled in True 2 6
True (2, 6) 14
2 7
toggled in False 2 7
2 8
toggled in True 2 8
True (2, 8) 15
2 9
xd
toggled in False 2 9
3 0
toggled in True 3 0
True (3, 0) 16
3 1
toggled in False 3 1
3 2
toggled in True 3 2
True (3, 2) 17
3 3
xd
toggled in False 3 3
3 4
xd
toggled in True 3 4
True (3, 4) 18
3 5
xd
toggled in False 3 5
3 6
toggled in True 3 6
True (3, 6) 19
3 7
toggled in False 3 7
3 8
toggled in True 3 8
True (3, 8) 20
3 9
xd
toggled in False 3 9
4 0
toggled in True 4 0
True (4, 0) 21
4 1
toggled in False 4 1
4 2
toggled in True 4 2
True (4, 2) 22
4 3
xd
toggled in False 4 3
4 4
xd
toggled in True 4 4
True (4, 4) 23
4 5
xd
toggled in False 4 5
4 6
toggled in True 4 6
True (4, 6) 24
4 7
toggled in False 4 7
4 8
toggled in True 4 8
True (4, 8) 25
4 9
xd
toggled in False 4 9
5 0
toggled in True 5 0
True (5, 0) 26
5 1
toggled in False 5 1
5 2
toggled in True 5 2
True (5, 2) 27
5 3
xd
toggled in False 5 3
5 4
xd
toggled in True 5 4
True (5, 4) 28
5 5
xd
toggled in False 5 5
5 6
xd
toggled in True 5 6
True (5, 6) 29
5 7
xd
toggled in False 5 7
5 8
xd
toggled in True 5 8
True (5, 8) 30
5 9
xd
toggled in False 5 9
[(1, 2), (1, 3), (2, 3), (3, 3), (4, 3), (5, 3), (5, 4), (4, 4), (3, 4), (2, 4), (1, 4), (1, 5), (2, 5), (3, 5), (4, 5), (5, 5), (5, 6), (5, 7), (5, 8), (5, 9), (4, 9), (3, 9), (2, 9), (1, 9), (0, 9), (0, 8), (0, 7), (0, 6), (0, 5), (0, 4), (0, 3), (0, 2), (0, 1), (1, 1)] 34
PART 1: 17.0
PART 2: 30
(6, 10)
